[debug] [2024-03-01T01:08:42.454Z] ----------------------------------------------------------------------
[debug] [2024-03-01T01:08:42.456Z] Command:       C:\Program Files\nodejs\node.exe C:\Users\PC\AppData\Roaming\npm\node_modules\firebase-tools\lib\bin\firebase.js init
[debug] [2024-03-01T01:08:42.456Z] CLI Version:   13.4.0
[debug] [2024-03-01T01:08:42.456Z] Platform:      win32
[debug] [2024-03-01T01:08:42.456Z] Node Version:  v21.6.0
[debug] [2024-03-01T01:08:42.457Z] Time:          Thu Feb 29 2024 20:08:42 GMT-0500 (Eastern Standard Time)
[debug] [2024-03-01T01:08:42.457Z] ----------------------------------------------------------------------
[debug] 
[debug] [2024-03-01T01:08:42.508Z] > command requires scopes: ["email","openid","https://www.googleapis.com/auth/cloudplatformprojects.readonly","https://www.googleapis.com/auth/firebase","https://www.googleapis.com/auth/cloud-platform"]
[debug] [2024-03-01T01:08:42.508Z] > authorizing via signed-in user (jacobjdaniels04@gmail.com)
[info] 
     ######## #### ########  ######## ########     ###     ######  ########
     ##        ##  ##     ## ##       ##     ##  ##   ##  ##       ##
     ######    ##  ########  ######   ########  #########  ######  ######
     ##        ##  ##    ##  ##       ##     ## ##     ##       ## ##
     ##       #### ##     ## ######## ########  ##     ##  ######  ########

You're about to initialize a Firebase project in this directory:

  C:\xampp\htdocs\studentGrades\public

Before we get started, keep in mind:

  * You are currently outside your home directory
  * You are initializing within an existing Firebase project directory

[info] 
=== Project Setup
[info] 
[info] First, let's associate this project directory with a Firebase project.
[info] You can create multiple project aliases by running firebase use --add, 
[info] but for now we'll just set up a default project.
[info] 
[debug] [2024-03-01T01:08:52.414Z] Using project from CLI flag: php-class-9e273
[debug] [2024-03-01T01:08:52.415Z] >>> [apiv2][query] GET https://firebase.googleapis.com/v1beta1/projects/php-class-9e273 [none]
[debug] [2024-03-01T01:08:52.750Z] <<< [apiv2][status] GET https://firebase.googleapis.com/v1beta1/projects/php-class-9e273 200
[debug] [2024-03-01T01:08:52.750Z] <<< [apiv2][body] GET https://firebase.googleapis.com/v1beta1/projects/php-class-9e273 {"projectId":"php-class-9e273","projectNumber":"689479201880","displayName":"PHP Class","name":"projects/php-class-9e273","resources":{"hostingSite":"php-class-9e273"},"state":"ACTIVE","etag":"1_f2536ef1-64ab-432f-95b3-141c679d0891"}
[info] i  Using project php-class-9e273 (PHP Class) 
[info] 
=== Hosting Setup
[debug] [2024-03-01T01:08:52.767Z] >>> [apiv2][query] GET https://firebase.googleapis.com/v1beta1/projects/php-class-9e273 [none]
[debug] [2024-03-01T01:08:52.878Z] <<< [apiv2][status] GET https://firebase.googleapis.com/v1beta1/projects/php-class-9e273 200
[debug] [2024-03-01T01:08:52.878Z] <<< [apiv2][body] GET https://firebase.googleapis.com/v1beta1/projects/php-class-9e273 {"projectId":"php-class-9e273","projectNumber":"689479201880","displayName":"PHP Class","name":"projects/php-class-9e273","resources":{"hostingSite":"php-class-9e273"},"state":"ACTIVE","etag":"1_f2536ef1-64ab-432f-95b3-141c679d0891"}
[info] 
[info] Your public directory is the folder (relative to your project directory) that
[info] will contain Hosting assets to be uploaded with firebase deploy. If you
[info] have a build process for your assets, use your build's output directory.
[info] 
[debug] [2024-03-01T01:09:13.737Z] >>> [apiv2][query] GET https://www.gstatic.com/firebasejs/releases.json [none]
[debug] [2024-03-01T01:09:13.765Z] <<< [apiv2][status] GET https://www.gstatic.com/firebasejs/releases.json 200
[debug] [2024-03-01T01:09:13.765Z] <<< [apiv2][body] GET https://www.gstatic.com/firebasejs/releases.json {"current":{"version":"10.8.1","browserURL":"https://www.gstatic.com/firebasejs/10.8.1/firebase.js","packageURL":"https://www.gstatic.com/firebasejs/10.8.1/firebase.tgz"},"live":{"version":"10.8","browserURL":"https://www.gstatic.com/firebasejs/live/10.8/firebase.js","packageURL":"https://www.gstatic.com/firebasejs/live/10.8/firebase.tgz"},"components":{"analytics":"https://www.gstatic.com/firebasejs/10.8.1/firebase-analytics.js","app":"https://www.gstatic.com/firebasejs/10.8.1/firebase-app.js","app-check":"https://www.gstatic.com/firebasejs/10.8.1/firebase-app-check.js","auth":"https://www.gstatic.com/firebasejs/10.8.1/firebase-auth.js","auth/cordova":"https://www.gstatic.com/firebasejs/10.8.1/firebase-auth/cordova.js","auth/web-extension":"https://www.gstatic.com/firebasejs/10.8.1/firebase-auth/web-extension.js","functions":"https://www.gstatic.com/firebasejs/10.8.1/firebase-functions.js","firestore":"https://www.gstatic.com/firebasejs/10.8.1/firebase-firestore.js","firestore/lite":"https://www.gstatic.com/firebasejs/10.8.1/firebase-firestore/lite.js","installations":"https://www.gstatic.com/firebasejs/10.8.1/firebase-installations.js","storage":"https://www.gstatic.com/firebasejs/10.8.1/firebase-storage.js","performance":"https://www.gstatic.com/firebasejs/10.8.1/firebase-performance.js","remote-config":"https://www.gstatic.com/firebasejs/10.8.1/firebase-remote-config.js","messaging":"https://www.gstatic.com/firebasejs/10.8.1/firebase-messaging.js","messaging/sw":"https://www.gstatic.com/firebasejs/10.8.1/firebase-messaging/sw.js","database":"https://www.gstatic.com/firebasejs/10.8.1/firebase-database.js","firestore.memory":"https://www.gstatic.com/firebasejs/10.8.1/firebase-firestore.memory.js"}}
[info] +  Wrote public/index.html 
[info] 
[info] i  Didn't detect a .git folder. Assuming C:\xampp\htdocs\studentGrades\public is the project root. 
[info] i  Authorizing with GitHub to upload your service account to a GitHub repository's secrets store. 
[info] 
[info] Visit this URL on this device to log in:
[info] https://github.com/login/oauth/authorize?client_id=89cf50f02ac6aaed3484&state=363285111&redirect_uri=http%3A%2F%2Flocalhost%3A9005&scope=read%3Auser%20repo%20public_repo
[info] 
[info] Waiting for authentication...
[debug] [2024-03-01T01:09:14.084Z] >>> [apiv2][query] POST https://github.com/login/oauth/access_token [none]
[debug] [2024-03-01T01:09:14.084Z] >>> [apiv2][body] POST https://github.com/login/oauth/access_token [stream]
[debug] [2024-03-01T01:09:14.332Z] <<< [apiv2][status] POST https://github.com/login/oauth/access_token 200
[debug] [2024-03-01T01:09:14.332Z] <<< [apiv2][body] POST https://github.com/login/oauth/access_token {"access_token":"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","token_type":"bearer","scope":"read:user,repo"}
[debug] [2024-03-01T01:09:14.340Z] >>> [apiv2][query] GET https://api.github.com/user [none]
[debug] [2024-03-01T01:09:14.501Z] <<< [apiv2][status] GET https://api.github.com/user 200
[debug] [2024-03-01T01:09:14.501Z] <<< [apiv2][body] GET https://api.github.com/user {"login":"JDIdeas","id":154945047,"node_id":"U_kgDOCTxGFw","avatar_url":"https://avatars.githubusercontent.com/u/154945047?v=4","gravatar_id":"","url":"https://api.github.com/users/JDIdeas","html_url":"https://github.com/JDIdeas","followers_url":"https://api.github.com/users/JDIdeas/followers","following_url":"https://api.github.com/users/JDIdeas/following{/other_user}","gists_url":"https://api.github.com/users/JDIdeas/gists{/gist_id}","starred_url":"https://api.github.com/users/JDIdeas/starred{/owner}{/repo}","subscriptions_url":"https://api.github.com/users/JDIdeas/subscriptions","organizations_url":"https://api.github.com/users/JDIdeas/orgs","repos_url":"https://api.github.com/users/JDIdeas/repos","events_url":"https://api.github.com/users/JDIdeas/events{/privacy}","received_events_url":"https://api.github.com/users/JDIdeas/received_events","type":"User","site_admin":false,"name":null,"company":null,"blog":"","location":null,"email":null,"hireable":null,"bio":null,"twitter_username":null,"public_repos":4,"public_gists":0,"followers":0,"following":0,"created_at":"2023-12-27T02:31:51Z","updated_at":"2024-02-24T15:36:11Z","private_gists":0,"total_private_repos":2,"owned_private_repos":2,"disk_usage":12,"collaborators":0,"two_factor_authentication":false,"plan":{"name":"free","space":976562499,"collaborators":0,"private_repos":10000}}
[info] 
[info] +  Success! Logged into GitHub as JDIdeas 
[info] 
